>>> start | 001-create-store-rg.up: Sun Jun 26 10:50:11 UTC 2022 |---------------------
{
  "id": "/subscriptions/2ee96cab-57d3-472f-9d74-b9a9dc556def/resourceGroups/tutorialAzureFuncCosmosCSS",
  "location": "centralus",
  "managedBy": null,
  "name": "tutorialAzureFuncCosmosCSS",
  "properties": {
    "provisioningState": "Succeeded"
  },
  "tags": null,
  "type": "Microsoft.Resources/resourceGroups"
}
>>> end   | 001-create-store-rg.up: Sun Jun 26 10:50:12 UTC 2022 |---------------------
>>> start | 002-create-compute-rg.up: Sun Jun 26 10:50:12 UTC 2022 |---------------------
{
  "id": "/subscriptions/2ee96cab-57d3-472f-9d74-b9a9dc556def/resourceGroups/tutorialAzureFuncCosmosCSC",
  "location": "centralus",
  "managedBy": null,
  "name": "tutorialAzureFuncCosmosCSC",
  "properties": {
    "provisioningState": "Succeeded"
  },
  "tags": null,
  "type": "Microsoft.Resources/resourceGroups"
}
>>> end   | 002-create-compute-rg.up: Sun Jun 26 10:50:13 UTC 2022 |---------------------
>>> start | 003-create-cosmos-db.up: Sun Jun 26 10:50:13 UTC 2022 |---------------------
{
  "analyticalStorageConfiguration": {
    "schemaType": "WellDefined"
  },
  "apiProperties": null,
  "backupPolicy": {
    "migrationState": null,
    "periodicModeProperties": {
      "backupIntervalInMinutes": 240,
      "backupRetentionIntervalInHours": 8,
      "backupStorageRedundancy": "Geo"
    },
    "type": "Periodic"
  },
  "capabilities": [],
  "capacity": null,
  "connectorOffer": null,
  "consistencyPolicy": {
    "defaultConsistencyLevel": "Session",
    "maxIntervalInSeconds": 5,
    "maxStalenessPrefix": 100
  },
  "cors": [],
  "createMode": null,
  "databaseAccountOfferType": "Standard",
  "defaultIdentity": "FirstPartyIdentity",
  "disableKeyBasedMetadataWriteAccess": false,
  "disableLocalAuth": false,
  "documentEndpoint": "https://tafccdb.documents.azure.com:443/",
  "enableAnalyticalStorage": false,
  "enableAutomaticFailover": false,
  "enableCassandraConnector": null,
  "enableFreeTier": false,
  "enableMultipleWriteLocations": false,
  "failoverPolicies": [
    {
      "failoverPriority": 0,
      "id": "tafccdb-westus",
      "locationName": "West US"
    }
  ],
  "id": "/subscriptions/2ee96cab-57d3-472f-9d74-b9a9dc556def/resourceGroups/tutorialAzureFuncCosmosCSS/providers/Microsoft.DocumentDB/databaseAccounts/tafccdb",
  "identity": {
    "principalId": null,
    "tenantId": null,
    "type": "None",
    "userAssignedIdentities": null
  },
  "instanceId": "39a15d69-1c9a-43d1-b8b6-8b5c090fd0af",
  "ipRules": [],
  "isVirtualNetworkFilterEnabled": false,
  "keyVaultKeyUri": null,
  "kind": "GlobalDocumentDB",
  "location": "Central US",
  "locations": [
    {
      "documentEndpoint": "https://tafccdb-westus.documents.azure.com:443/",
      "failoverPriority": 0,
      "id": "tafccdb-westus",
      "isZoneRedundant": false,
      "locationName": "West US",
      "provisioningState": "Succeeded"
    }
  ],
  "name": "tafccdb",
  "networkAclBypass": "None",
  "networkAclBypassResourceIds": [],
  "privateEndpointConnections": null,
  "provisioningState": "Succeeded",
  "publicNetworkAccess": "Enabled",
  "readLocations": [
    {
      "documentEndpoint": "https://tafccdb-westus.documents.azure.com:443/",
      "failoverPriority": 0,
      "id": "tafccdb-westus",
      "isZoneRedundant": false,
      "locationName": "West US",
      "provisioningState": "Succeeded"
    }
  ],
  "resourceGroup": "tutorialAzureFuncCosmosCSS",
  "restoreParameters": null,
  "systemData": {
    "createdAt": "2022-06-26T10:51:48.344456+00:00",
    "createdBy": null,
    "createdByType": null,
    "lastModifiedAt": null,
    "lastModifiedBy": null,
    "lastModifiedByType": null
  },
  "tags": {},
  "type": "Microsoft.DocumentDB/databaseAccounts",
  "virtualNetworkRules": [],
  "writeLocations": [
    {
      "documentEndpoint": "https://tafccdb-westus.documents.azure.com:443/",
      "failoverPriority": 0,
      "id": "tafccdb-westus",
      "isZoneRedundant": false,
      "locationName": "West US",
      "provisioningState": "Succeeded"
    }
  ]
}
{
  "id": "/subscriptions/2ee96cab-57d3-472f-9d74-b9a9dc556def/resourceGroups/tutorialAzureFuncCosmosCSS/providers/Microsoft.DocumentDB/databaseAccounts/tafccdb/sqlDatabases/FriendDatabase",
  "location": null,
  "name": "FriendDatabase",
  "options": null,
  "resource": {
    "_self": "dbs/K2FeAA==/",
    "colls": "colls/",
    "etag": "\"00000f1a-0000-0700-0000-62b83a6b0000\"",
    "id": "FriendDatabase",
    "rid": "K2FeAA==",
    "ts": 1656240747.0,
    "users": "users/"
  },
  "resourceGroup": "tutorialAzureFuncCosmosCSS",
  "tags": null,
  "type": "Microsoft.DocumentDB/databaseAccounts/sqlDatabases"
}
{
  "id": "/subscriptions/2ee96cab-57d3-472f-9d74-b9a9dc556def/resourceGroups/tutorialAzureFuncCosmosCSS/providers/Microsoft.DocumentDB/databaseAccounts/tafccdb/sqlDatabases/FriendDatabase/containers/FriendContainer",
  "location": null,
  "name": "FriendContainer",
  "options": null,
  "resource": {
    "_conflicts": "conflicts/",
    "_docs": "docs/",
    "_self": "dbs/K2FeAA==/colls/K2FeANjM97o=/",
    "_sprocs": "sprocs/",
    "_triggers": "triggers/",
    "_udfs": "udfs/",
    "analyticalStorageTtl": null,
    "conflictResolutionPolicy": {
      "conflictResolutionPath": "/_ts",
      "conflictResolutionProcedure": "",
      "mode": "LastWriterWins"
    },
    "defaultTtl": null,
    "etag": "\"0000111a-0000-0700-0000-62b83a8e0000\"",
    "geospatialConfig": {
      "type": "Geography"
    },
    "id": "FriendContainer",
    "indexingPolicy": {
      "automatic": true,
      "compositeIndexes": null,
      "excludedPaths": [
        {
          "path": "/\"_etag\"/?"
        }
      ],
      "includedPaths": [
        {
          "indexes": null,
          "path": "/*"
        }
      ],
      "indexingMode": "consistent",
      "spatialIndexes": null
    },
    "partitionKey": {
      "kind": "Hash",
      "paths": [
        "/LastName"
      ],
      "systemKey": null,
      "version": null
    },
    "rid": "K2FeANjM97o=",
    "statistics": [
      {
        "documentCount": 0,
        "id": "0",
        "partitionKeys": [],
        "sampledDistinctPartitionKeyCount": 0,
        "sizeInKB": 0
      }
    ],
    "ts": 1656240782.0,
    "uniqueKeyPolicy": {
      "uniqueKeys": []
    }
  },
  "resourceGroup": "tutorialAzureFuncCosmosCSS",
  "tags": null,
  "type": "Microsoft.DocumentDB/databaseAccounts/sqlDatabases/containers"
}
>>> end   | 003-create-cosmos-db.up: Sun Jun 26 10:53:26 UTC 2022 |---------------------
>>> start | 004-create-CLIRole.up: Sun Jun 26 10:53:26 UTC 2022 |---------------------
{
  "assignableScopes": [
    "/subscriptions/2ee96cab-57d3-472f-9d74-b9a9dc556def/resourceGroups/tutorialAzureFuncCosmosCSS/providers/Microsoft.DocumentDB/databaseAccounts/tafccdb"
  ],
  "id": "/subscriptions/2ee96cab-57d3-472f-9d74-b9a9dc556def/resourceGroups/tutorialAzureFuncCosmosCSS/providers/Microsoft.DocumentDB/databaseAccounts/tafccdb/sqlRoleDefinitions/d5a9cb11-f37d-446d-af8b-ce09996f7131",
  "name": "d5a9cb11-f37d-446d-af8b-ce09996f7131",
  "permissions": [
    {
      "dataActions": [
        "Microsoft.DocumentDB/databaseAccounts/readMetadata",
        "Microsoft.DocumentDB/databaseAccounts/sqlDatabases/containers/items/*",
        "Microsoft.DocumentDB/databaseAccounts/sqlDatabases/containers/*"
      ],
      "notDataActions": []
    }
  ],
  "resourceGroup": "tutorialAzureFuncCosmosCSS",
  "roleName": "CLIRole",
  "type": "Microsoft.DocumentDB/databaseAccounts/sqlRoleDefinitions",
  "typePropertiesType": "CustomRole"
}
>>> end   | 004-create-CLIRole.up: Sun Jun 26 10:53:58 UTC 2022 |---------------------
>>> start | 005-role-assignment-to-me.up: Sun Jun 26 10:53:58 UTC 2022 |---------------------
{
  "id": "/subscriptions/2ee96cab-57d3-472f-9d74-b9a9dc556def/resourceGroups/tutorialAzureFuncCosmosCSS/providers/Microsoft.DocumentDB/databaseAccounts/tafccdb/sqlRoleAssignments/b62414dd-7286-48c6-995a-d81b0dc2b34e",
  "name": "b62414dd-7286-48c6-995a-d81b0dc2b34e",
  "principalId": "13a14d77-4566-4978-a89d-62026e567f22",
  "resourceGroup": "tutorialAzureFuncCosmosCSS",
  "roleDefinitionId": "/subscriptions/2ee96cab-57d3-472f-9d74-b9a9dc556def/resourceGroups/tutorialAzureFuncCosmosCSS/providers/Microsoft.DocumentDB/databaseAccounts/tafccdb/sqlRoleDefinitions/d5a9cb11-f37d-446d-af8b-ce09996f7131",
  "scope": "/subscriptions/2ee96cab-57d3-472f-9d74-b9a9dc556def/resourceGroups/tutorialAzureFuncCosmosCSS/providers/Microsoft.DocumentDB/databaseAccounts/tafccdb",
  "type": "Microsoft.DocumentDB/databaseAccounts/sqlRoleAssignments"
}
>>> end   | 005-role-assignment-to-me.up: Sun Jun 26 10:54:32 UTC 2022 |---------------------
